This file contains any messages produced by compilers while
running configure, to aid debugging if configure makes a mistake.

It was created by eafitdistools configure 0.0.1.17, which was
generated by GNU Autoconf 2.69.  Invocation command line was

  $ ./configure --prefix=/home/jfcmacro

## --------- ##
## Platform. ##
## --------- ##

hostname = ituango
uname -m = x86_64
uname -r = 4.12.13-200.fc25.x86_64
uname -s = Linux
uname -v = #1 SMP Thu Sep 14 16:12:37 UTC 2017

/usr/bin/uname -p = x86_64
/bin/uname -X     = unknown

/bin/arch              = x86_64
/usr/bin/arch -k       = unknown
/usr/convex/getsysinfo = unknown
/usr/bin/hostinfo      = unknown
/bin/machine           = unknown
/usr/bin/oslevel       = unknown
/bin/universe          = unknown

PATH: /home/jfcmacro/lib/java/apache-maven-3.5.0/bin
PATH: /home/jfcmacro/bin
PATH: /home/jfcmacro/bin
PATH: /home/jfcmacro/.local/bin
PATH: /home/jfcmacro/lib/java/scala/bin
PATH: /home/jfcmacro/lib/java/apache-maven-3.5.0/bin
PATH: /home/jfcmacro/bin
PATH: /home/jfcmacro/bin
PATH: /home/jfcmacro/.local/bin
PATH: /home/jfcmacro/lib/java/scala/bin
PATH: /usr/lib64/qt-3.3/bin
PATH: /usr/local/bin
PATH: /usr/local/sbin
PATH: /usr/bin
PATH: /usr/sbin
PATH: /home/jfcmacro/.cabal/bin
PATH: /usr/share/smlnj/bin
PATH: /home/jfcmacro/lib/java/apache-maven-3.5.0/bin
PATH: /home/jfcmacro/.local/bin
PATH: /home/jfcmacro/bin
PATH: /usr/lib64/mpich/bin
PATH: /usr/share/smlnj/bin
PATH: /home/jfcmacro/lib/java/apache-maven-3.5.0/bin


## ----------- ##
## Core tests. ##
## ----------- ##

configure:1752: checking for a BSD-compatible install
configure:1820: result: /usr/bin/install -c
configure:1831: checking whether build environment is sane
configure:1886: result: yes
configure:2037: checking for a thread-safe mkdir -p
configure:2076: result: /usr/bin/mkdir -p
configure:2083: checking for gawk
configure:2099: found /usr/bin/gawk
configure:2110: result: gawk
configure:2121: checking whether make sets $(MAKE)
configure:2143: result: yes
configure:2172: checking whether make supports nested variables
configure:2189: result: yes
configure:2474: checking that generated files are newer than configure
configure:2480: result: done
configure:2488: creating ./config.status

## ---------------------- ##
## Running config.status. ##
## ---------------------- ##

This file was extended by eafitdistools config.status 0.0.1.17, which was
generated by GNU Autoconf 2.69.  Invocation command line was

  CONFIG_FILES    = 
  CONFIG_HEADERS  = 
  CONFIG_LINKS    = 
  CONFIG_COMMANDS = 
  $ ./config.status 

on ituango

config.status:744: creating Makefile
config.status:744: creating man/Makefile
config.status:744: creating src/Makefile

## ---------------- ##
## Cache variables. ##
## ---------------- ##

ac_cv_env_build_alias_set=
ac_cv_env_build_alias_value=
ac_cv_env_host_alias_set=
ac_cv_env_host_alias_value=
ac_cv_env_target_alias_set=
ac_cv_env_target_alias_value=
ac_cv_path_install='/usr/bin/install -c'
ac_cv_path_mkdir=/usr/bin/mkdir
ac_cv_prog_AWK=gawk
ac_cv_prog_make_make_set=yes
am_cv_make_support_nested_variables=yes

## ----------------- ##
## Output variables. ##
## ----------------- ##

ACLOCAL='${SHELL} /home/jfcmacro/Workbench/eafitdistools/missing aclocal-1.15'
AMTAR='$${TAR-tar}'
AM_BACKSLASH='\'
AM_DEFAULT_V='$(AM_DEFAULT_VERBOSITY)'
AM_DEFAULT_VERBOSITY='1'
AM_V='$(V)'
AUTOCONF='${SHELL} /home/jfcmacro/Workbench/eafitdistools/missing autoconf'
AUTOHEADER='${SHELL} /home/jfcmacro/Workbench/eafitdistools/missing autoheader'
AUTOMAKE='${SHELL} /home/jfcmacro/Workbench/eafitdistools/missing automake-1.15'
AWK='gawk'
CYGPATH_W='echo'
DEFS='-DPACKAGE_NAME=\"eafitdistools\" -DPACKAGE_TARNAME=\"eafitdistools\" -DPACKAGE_VERSION=\"0.0.1.17\" -DPACKAGE_STRING=\"eafitdistools\ 0.0.1.17\" -DPACKAGE_BUGREPORT=\"jfcmacro@gmail.com\" -DPACKAGE_URL=\"\" -DPACKAGE=\"eafitdistools\" -DVERSION=\"0.0.1.17\"'
ECHO_C=''
ECHO_N='-n'
ECHO_T=''
INSTALL_DATA='${INSTALL} -m 644'
INSTALL_PROGRAM='${INSTALL}'
INSTALL_SCRIPT='${INSTALL}'
INSTALL_STRIP_PROGRAM='$(install_sh) -c -s'
LIBOBJS=''
LIBS=''
LTLIBOBJS=''
MAKEINFO='${SHELL} /home/jfcmacro/Workbench/eafitdistools/missing makeinfo'
MKDIR_P='/usr/bin/mkdir -p'
PACKAGE='eafitdistools'
PACKAGE_BUGREPORT='jfcmacro@gmail.com'
PACKAGE_NAME='eafitdistools'
PACKAGE_STRING='eafitdistools 0.0.1.17'
PACKAGE_TARNAME='eafitdistools'
PACKAGE_URL=''
PACKAGE_VERSION='0.0.1.17'
PATH_SEPARATOR=':'
SET_MAKE=''
SHELL='/bin/sh'
STRIP=''
VERSION='0.0.1.17'
am__isrc=''
am__leading_dot='.'
am__tar='$${TAR-tar} chof - "$$tardir"'
am__untar='$${TAR-tar} xf -'
bindir='${exec_prefix}/bin'
build_alias=''
datadir='${datarootdir}'
datarootdir='${prefix}/share'
docdir='${datarootdir}/doc/${PACKAGE_TARNAME}'
dvidir='${docdir}'
exec_prefix='${prefix}'
host_alias=''
htmldir='${docdir}'
includedir='${prefix}/include'
infodir='${datarootdir}/info'
install_sh='${SHELL} /home/jfcmacro/Workbench/eafitdistools/install-sh'
libdir='${exec_prefix}/lib'
libexecdir='${exec_prefix}/libexec'
localedir='${datarootdir}/locale'
localstatedir='${prefix}/var'
mandir='${datarootdir}/man'
mkdir_p='$(MKDIR_P)'
oldincludedir='/usr/include'
pdfdir='${docdir}'
prefix='/home/jfcmacro'
program_transform_name='s,x,x,'
psdir='${docdir}'
sbindir='${exec_prefix}/sbin'
sharedstatedir='${prefix}/com'
sysconfdir='${prefix}/etc'
target_alias=''

## ----------- ##
## confdefs.h. ##
## ----------- ##

/* confdefs.h */
#define PACKAGE_NAME "eafitdistools"
#define PACKAGE_TARNAME "eafitdistools"
#define PACKAGE_VERSION "0.0.1.17"
#define PACKAGE_STRING "eafitdistools 0.0.1.17"
#define PACKAGE_BUGREPORT "jfcmacro@gmail.com"
#define PACKAGE_URL ""
#define PACKAGE "eafitdistools"
#define VERSION "0.0.1.17"

configure: exit 0
